PC=000001B8 [00500137] X02=00500000 X00=00000000 X05=00000000 lui     sp,5242880
PC=000001BC [00C000EF] X01=000001C0 X00=00000000 X12=00000000 jal     ra,12
PC=000001C8 [FE010113] X02=004FFFE0 X02=00500000 X00=00000000 addi    sp,sp,-32
PC=000001CC [00812E23] X28=00000000 X02=004FFFE0 X08=00000000 sw      s0/fp,28(sp)
PC=000001D0 [02010413] X08=00500000 X02=004FFFE0 X00=00000000 addi    s0/fp,sp,32
PC=000001D4 [05500793] X15=00000055 X00=00000000 X21=00000000 addi    a5,zero,85
PC=000001D8 [FEF407A3] X15=00000055 X08=00500000 X15=00000055 sb      a5,-17(s0/fp)
PC=000001DC [FAA00793] X15=FFFFFFAA X00=00000000 X10=00000000 addi    a5,zero,-86
PC=000001E0 [FEF407A3] X15=FFFFFFAA X08=00500000 X15=FFFFFFAA sb      a5,-17(s0/fp)
PC=000001E4 [FE0407A3] X15=FFFFFFAA X08=00500000 X00=00000000 sb      zero,-17(s0/fp)
PC=000001E8 [FFF00793] X15=FFFFFFFF X00=00000000 X31=00000000 addi    a5,zero,-1
PC=000001EC [FEF407A3] X15=FFFFFFFF X08=00500000 X15=FFFFFFFF sb      a5,-17(s0/fp)
PC=000001F0 [F8000793] X15=FFFFFF80 X00=00000000 X00=00000000 addi    a5,zero,-128
PC=000001F4 [FEF407A3] X15=FFFFFF80 X08=00500000 X15=FFFFFF80 sb      a5,-17(s0/fp)
PC=000001F8 [00100793] X15=00000001 X00=00000000 X01=000001C0 addi    a5,zero,1
PC=000001FC [FEF407A3] X15=00000001 X08=00500000 X15=00000001 sb      a5,-17(s0/fp)
PC=00000200 [07F00793] X15=0000007F X00=00000000 X31=00000000 addi    a5,zero,127
PC=00000204 [FEF407A3] X15=0000007F X08=00500000 X15=0000007F sb      a5,-17(s0/fp)
PC=00000208 [FFE00793] X15=FFFFFFFE X00=00000000 X30=00000000 addi    a5,zero,-2
PC=0000020C [FEF407A3] X15=FFFFFFFE X08=00500000 X15=FFFFFFFE sb      a5,-17(s0/fp)
PC=00000210 [00000793] X15=00000000 X00=00000000 X00=00000000 addi    a5,zero,0
PC=00000214 [00078513] X10=00000000 X15=00000000 X00=00000000 addi    a0,a5,0
PC=00000218 [01C12403] X08=00000000 X02=004FFFE0 X28=00000000 lw      s0/fp,28(sp)
PC=0000021C [02010113] X02=00500000 X02=004FFFE0 X00=00000000 addi    sp,sp,32
PC=00000220 [00008067] X00=00000000 X01=000001C0 X00=00000000 jalr    zero,ra,0
PC=000001C0 [200002B7] X05=20000000 X00=00000000 X00=00000000 lui     t0,536870912
PC=000001C4 [00100073] X00=00000000 X00=00000000 X01=000001C0 ebreak  