PC=000001B8 [00500137] X02=00500000 X00=00000000 X05=00000000 lui     sp,5242880
PC=000001BC [00C000EF] X01=000001C0 X00=00000000 X12=00000000 jal     ra,12
PC=000001C8 [FE010113] X02=004FFFE0 X02=00500000 X00=00000000 addi    sp,sp,-32
PC=000001CC [00812E23] X28=00000000 X02=004FFFE0 X08=00000000 sw      s0/fp,28(sp)
PC=000001D0 [02010413] X08=00500000 X02=004FFFE0 X00=00000000 addi    s0/fp,sp,32
PC=000001D4 [555557B7] X15=55555000 X10=00000000 X21=00000000 lui     a5,1431654400
PC=000001D8 [55578793] X15=55555555 X15=55555000 X21=00000000 addi    a5,a5,1365
PC=000001DC [FEF42623] X12=00000000 X08=00500000 X15=55555555 sw      a5,-20(s0/fp)
PC=000001E0 [AAAAB7B7] X15=AAAAB000 X21=00000000 X10=00000000 lui     a5,2863312896
PC=000001E4 [AAA78793] X15=AAAAAAAA X15=AAAAB000 X10=00000000 addi    a5,a5,-1366
PC=000001E8 [FEF42623] X12=00000000 X08=00500000 X15=AAAAAAAA sw      a5,-20(s0/fp)
PC=000001EC [FE042623] X12=00000000 X08=00500000 X00=00000000 sw      zero,-20(s0/fp)
PC=000001F0 [FFF00793] X15=FFFFFFFF X00=00000000 X31=00000000 addi    a5,zero,-1
PC=000001F4 [FEF42623] X12=00000000 X08=00500000 X15=FFFFFFFF sw      a5,-20(s0/fp)
PC=000001F8 [800007B7] X15=80000000 X00=00000000 X00=00000000 lui     a5,2147483648
PC=000001FC [FEF42623] X12=00000000 X08=00500000 X15=80000000 sw      a5,-20(s0/fp)
PC=00000200 [00100793] X15=00000001 X00=00000000 X01=000001C0 addi    a5,zero,1
PC=00000204 [FEF42623] X12=00000000 X08=00500000 X15=00000001 sw      a5,-20(s0/fp)
PC=00000208 [800007B7] X15=80000000 X00=00000000 X00=00000000 lui     a5,2147483648
PC=0000020C [FFF7C793] X15=7FFFFFFF X15=80000000 X31=00000000 xori    a5,a5,-1
PC=00000210 [FEF42623] X12=00000000 X08=00500000 X15=7FFFFFFF sw      a5,-20(s0/fp)
PC=00000214 [FFE00793] X15=FFFFFFFE X00=00000000 X30=00000000 addi    a5,zero,-2
PC=00000218 [FEF42623] X12=00000000 X08=00500000 X15=FFFFFFFE sw      a5,-20(s0/fp)
PC=0000021C [00000793] X15=00000000 X00=00000000 X00=00000000 addi    a5,zero,0
PC=00000220 [00078513] X10=00000000 X15=00000000 X00=00000000 addi    a0,a5,0
PC=00000224 [01C12403] X08=00000000 X02=004FFFE0 X28=00000000 lw      s0/fp,28(sp)
PC=00000228 [02010113] X02=00500000 X02=004FFFE0 X00=00000000 addi    sp,sp,32
PC=0000022C [00008067] X00=00000000 X01=000001C0 X00=00000000 jalr    zero,ra,0
PC=000001C0 [200002B7] X05=20000000 X00=00000000 X00=00000000 lui     t0,536870912
PC=000001C4 [00100073] X00=00000000 X00=00000000 X01=000001C0 ebreak  